nohup: ignoring input

  .   ____          _            __ _ _
 /\\ / ___'_ __ _ _(_)_ __  __ _ \ \ \ \
( ( )\___ | '_ | '_| | '_ \/ _` | \ \ \ \
 \\/  ___)| |_)| | | | | || (_| |  ) ) ) )
  '  |____| .__|_| |_|_| |_\__, | / / / /
 =========|_|==============|___/=/_/_/_/

 :: Spring Boot ::                (v3.4.6)

2025-07-21T17:51:13.494Z  INFO 33142 --- [techeazy-devops] [           main] c.t.devops.TecheazyDevopsApplication     : Starting TecheazyDevopsApplication v0.0.1-SNAPSHOT using Java 21.0.7 with PID 33142 (/home/ec2-user/techeazy-devops/target/techeazy-devops-0.0.1-SNAPSHOT.jar started by root in /home/ec2-user/techeazy-devops)
2025-07-21T17:51:13.503Z  INFO 33142 --- [techeazy-devops] [           main] c.t.devops.TecheazyDevopsApplication     : No active profile set, falling back to 1 default profile: "default"
2025-07-21T17:51:15.537Z  INFO 33142 --- [techeazy-devops] [           main] o.s.b.w.embedded.tomcat.TomcatWebServer  : Tomcat initialized with port 8080 (http)
2025-07-21T17:51:15.577Z  INFO 33142 --- [techeazy-devops] [           main] o.apache.catalina.core.StandardService   : Starting service [Tomcat]
2025-07-21T17:51:15.578Z  INFO 33142 --- [techeazy-devops] [           main] o.apache.catalina.core.StandardEngine    : Starting Servlet engine: [Apache Tomcat/10.1.41]
2025-07-21T17:51:15.807Z  INFO 33142 --- [techeazy-devops] [           main] o.a.c.c.C.[Tomcat].[localhost].[/]       : Initializing Spring embedded WebApplicationContext
2025-07-21T17:51:15.808Z  INFO 33142 --- [techeazy-devops] [           main] w.s.c.ServletWebServerApplicationContext : Root WebApplicationContext: initialization completed in 2203 ms
2025-07-21T17:51:17.096Z  INFO 33142 --- [techeazy-devops] [           main] o.s.b.w.embedded.tomcat.TomcatWebServer  : Tomcat started on port 8080 (http) with context path '/'
2025-07-21T17:51:17.127Z  INFO 33142 --- [techeazy-devops] [           main] c.t.devops.TecheazyDevopsApplication     : Started TecheazyDevopsApplication in 4.659 seconds (process running for 5.7)
2025-07-21T17:52:03.820Z  INFO 33142 --- [techeazy-devops] [nio-8080-exec-1] o.a.c.c.C.[Tomcat].[localhost].[/]       : Initializing Spring DispatcherServlet 'dispatcherServlet'
2025-07-21T17:52:03.828Z  INFO 33142 --- [techeazy-devops] [nio-8080-exec-1] o.s.web.servlet.DispatcherServlet        : Initializing Servlet 'dispatcherServlet'
2025-07-21T17:52:03.830Z  INFO 33142 --- [techeazy-devops] [nio-8080-exec-1] o.s.web.servlet.DispatcherServlet        : Completed initialization in 2 ms
2025-07-21T18:22:19.118Z  INFO 33142 --- [techeazy-devops] [io-8080-exec-10] o.apache.coyote.http11.Http11Processor   : Error parsing HTTP request header
 Note: further occurrences of HTTP request parsing errors will be logged at DEBUG level.

java.lang.IllegalArgumentException: Invalid character found in method name [0x050x010x00...]. HTTP method names must be tokens
	at org.apache.coyote.http11.Http11InputBuffer.parseRequestLine(Http11InputBuffer.java:403) ~[tomcat-embed-core-10.1.41.jar!/:na]
	at org.apache.coyote.http11.Http11Processor.service(Http11Processor.java:271) ~[tomcat-embed-core-10.1.41.jar!/:na]
	at org.apache.coyote.AbstractProcessorLight.process(AbstractProcessorLight.java:63) ~[tomcat-embed-core-10.1.41.jar!/:na]
	at org.apache.coyote.AbstractProtocol$ConnectionHandler.process(AbstractProtocol.java:903) ~[tomcat-embed-core-10.1.41.jar!/:na]
	at org.apache.tomcat.util.net.NioEndpoint$SocketProcessor.doRun(NioEndpoint.java:1740) ~[tomcat-embed-core-10.1.41.jar!/:na]
	at org.apache.tomcat.util.net.SocketProcessorBase.run(SocketProcessorBase.java:52) ~[tomcat-embed-core-10.1.41.jar!/:na]
	at org.apache.tomcat.util.threads.ThreadPoolExecutor.runWorker(ThreadPoolExecutor.java:1189) ~[tomcat-embed-core-10.1.41.jar!/:na]
	at org.apache.tomcat.util.threads.ThreadPoolExecutor$Worker.run(ThreadPoolExecutor.java:658) ~[tomcat-embed-core-10.1.41.jar!/:na]
	at org.apache.tomcat.util.threads.TaskThread$WrappingRunnable.run(TaskThread.java:63) ~[tomcat-embed-core-10.1.41.jar!/:na]
	at java.base/java.lang.Thread.run(Thread.java:1583) ~[na:na]

